<?xml version="1.0" encoding="UTF-8"?>
<!-- Generated by org.testng.reporters.JUnitReportReporter -->
<testsuite hostname="InetBuild-PC17" failures="0" tests="2" name="eCommerce.TestCases.TC3_AddToCartAndCheckout" time="8.988" errors="0" timestamp="2025-05-01T14:34:25 IST" skipped="0">
  <testcase classname="eCommerce.TestCases.TC3_AddToCartAndCheckout" name="orderWomenDress" time="4.274"/>
  <system-out/>
  <testcase classname="eCommerce.TestCases.TC3_AddToCartAndCheckout" name="CheckOut" time="4.714"/>
  <system-out/>
</testsuite> <!-- eCommerce.TestCases.TC3_AddToCartAndCheckout -->
