<?xml version="1.0" encoding="UTF-8"?>
<!-- Generated by org.testng.reporters.JUnitReportReporter -->
<testsuite hostname="InetBuild-PC17" failures="0" tests="1" name="eCommerce.TestCases.TC1_AccountLogin" time="8.547" errors="0" timestamp="2025-04-29T15:05:26 IST" skipped="0">
  <testcase classname="eCommerce.TestCases.TC1_AccountLogin" name="envirounment" time="8.547"/>
  <system-out/>
</testsuite> <!-- eCommerce.TestCases.TC1_AccountLogin -->
