<?xml version="1.0" encoding="UTF-8"?>
<!-- Generated by org.testng.reporters.JUnitReportReporter -->
<testsuite hostname="InetBuild-PC17" failures="0" tests="1" name="eCommerce.TestCases.TC2_Women_Printed_Summer_Dress" time="3.938" errors="0" timestamp="2025-05-01T14:13:44 IST" skipped="0">
  <testcase classname="eCommerce.TestCases.TC2_Women_Printed_Summer_Dress" name="orderWomenDress" time="3.938"/>
  <system-out/>
</testsuite> <!-- eCommerce.TestCases.TC2_Women_Printed_Summer_Dress -->
